Check integration/pg_features_test.ts
running 40 tests from ./integration/pg_features_test.ts
pg: connect + raw parameterized query ... ok (54ms)
pg: generated DDL applies (every column type) ... ok (67ms)
pg: insert + returning ... ok (129ms)
pg: Temporal date/time modes ... ok (260ms)
pg: filter operators ... ok (709ms)
pg: orderBy asc/desc + limit + offset ... ok (42ms)
pg: distinct ... ok (781µs)
pg: joins (inner / left / right / full) ... ok (1ms)
pg: aggregates + groupBy + having ... ok (41ms)
pg: $count + countDistinct ... ok (1ms)
pg: exists / notExists (correlated subquery) ... ok (879µs)
pg: subqueries (derived table, scalar, inArray) ... ok (42ms)
pg: distinctOn (SELECT DISTINCT ON) ... ok (554µs)
pg: for update / skip locked row locking ... ok (84ms)
pg: array operators (@> / <@ / &&) ... ok (125ms)
pg: update + returning + $onUpdate ... ok (87ms)
pg: delete + returning ... ok (84ms)
pg: upsert (onConflictDoNothing / onConflictDoUpdate) ... ok (167ms)
pg: transaction commit and rollback ... ok (169ms)
pg: jsonb round-trip ... ok (41ms)
pg: text[] array round-trip ... ok (42ms)
pg: bytea binary round-trip ... ok (87ms)
pg: float4 / float8 read back as number ... ok (88ms)
pg: column naming (snake_case default, .named, preserve) ... ok (260ms)
pg: keyset pagination (expanded + row-value) ... ok (299ms)
pg: typed function caller (RETURNS TABLE + scalar + casts) ... ok (132ms)
pg: prepared statement binds placeholders ... ok (83ms)
pg: sql expressions in SET / VALUES / onConflict ... ok (339ms)
pg: batch runs statements atomically (commit + rollback) ... ok (216ms)
pg: rich indexes (DESC / partial / expression) apply ... ok (50ms)
pg: mutation joins (UPDATE FROM + INSERT SELECT) ... ok (175ms)
pg: data-modifying CTE (WITH INSERT … RETURNING) ... ok (48ms)
pg: atomic op single-round-trip dispatch ... ok (173ms)
pg: atomic operation (transaction script) ... ok (258ms)
pg: migrator applies, plans, and is idempotent ... ok (242ms)
pg: typed raw-query mapping (.as) ... ok (47ms)
pg: date math window (now / dateSub / dateBin) ... ok (133ms)
pg: filter aggregate + dateTrunc bucketing ... ok (89ms)
pg: schema objects (functions/triggers/views) ... ok (97ms)
pg: teardown ... ok (33ms)

ok | 40 passed | 0 failed (5s)

