running 27 tests from ./integration/pg_features_test.ts
pg: connect + raw parameterized query ... ok (53ms)
pg: generated DDL applies (every column type) ... ok (61ms)
pg: insert + returning ... ok (132ms)
pg: filter operators ... ok (713ms)
pg: orderBy asc/desc + limit + offset ... ok (42ms)
pg: distinct ... ok (1ms)
pg: joins (inner / left / right / full) ... ok (2ms)
pg: aggregates + groupBy + having ... ok (41ms)
pg: $count + countDistinct ... ok (2ms)
pg: exists / notExists (correlated subquery) ... ok (1ms)
pg: subqueries (derived table, scalar, inArray) ... ok (43ms)
pg: distinctOn (SELECT DISTINCT ON) ... ok (1ms)
pg: for update / skip locked row locking ... ok (86ms)
pg: array operators (@> / <@ / &&) ... ok (125ms)
pg: update + returning + $onUpdate ... ok (86ms)
pg: delete + returning ... ok (85ms)
pg: upsert (onConflictDoNothing / onConflictDoUpdate) ... ok (167ms)
pg: transaction commit and rollback ... ok (169ms)
pg: jsonb round-trip ... ok (41ms)
pg: text[] array round-trip ... ok (41ms)
pg: bytea binary round-trip ... ok (87ms)
pg: column naming (snake_case default, .named, preserve) ... ok (258ms)
pg: keyset pagination (expanded + row-value) ... ok (296ms)
pg: typed function caller (RETURNS TABLE + scalar + casts) ... ok (132ms)
pg: prepared statement binds placeholders ... ok (83ms)
pg: migrator applies, plans, and is idempotent ... ok (242ms)
pg: teardown ... ok (16ms)

ok | 27 passed | 0 failed (3s)

