running 40 tests from ./integration/pg_features_test.ts
pg: connect + raw parameterized query ... ok (53ms)
pg: generated DDL applies (every column type) ... ok (66ms)
pg: insert + returning ... ok (130ms)
pg: Temporal date/time modes ... ok (260ms)
pg: filter operators ... ok (714ms)
pg: orderBy asc/desc + limit + offset ... ok (42ms)
pg: distinct ... ok (813µs)
pg: joins (inner / left / right / full) ... ok (1ms)
pg: aggregates + groupBy + having ... ok (42ms)
pg: $count + countDistinct ... ok (1ms)
pg: exists / notExists (correlated subquery) ... ok (1ms)
pg: subqueries (derived table, scalar, inArray) ... ok (42ms)
pg: distinctOn (SELECT DISTINCT ON) ... ok (869µs)
pg: for update / skip locked row locking ... ok (86ms)
pg: array operators (@> / <@ / &&) ... ok (125ms)
pg: update + returning + $onUpdate ... ok (87ms)
pg: delete + returning ... ok (85ms)
pg: upsert (onConflictDoNothing / onConflictDoUpdate) ... ok (166ms)
pg: transaction commit and rollback ... ok (171ms)
pg: jsonb round-trip ... ok (42ms)
pg: text[] array round-trip ... ok (41ms)
pg: bytea binary round-trip ... ok (89ms)
pg: float4 / float8 read back as number ... ok (86ms)
pg: column naming (snake_case default, .named, preserve) ... ok (260ms)
pg: keyset pagination (expanded + row-value) ... ok (295ms)
pg: typed function caller (RETURNS TABLE + scalar + casts) ... ok (131ms)
pg: prepared statement binds placeholders ... ok (82ms)
pg: sql expressions in SET / VALUES / onConflict ... ok (343ms)
pg: batch runs statements atomically (commit + rollback) ... ok (212ms)
pg: rich indexes (DESC / partial / expression) apply ... ok (47ms)
pg: mutation joins (UPDATE FROM + INSERT SELECT) ... ok (176ms)
pg: data-modifying CTE (WITH INSERT … RETURNING) ... ok (45ms)
pg: atomic op single-round-trip dispatch ... ok (171ms)
pg: atomic operation (transaction script) ... ok (257ms)
pg: migrator applies, plans, and is idempotent ... ok (241ms)
pg: typed raw-query mapping (.as) ... ok (48ms)
pg: date math window (now / dateSub / dateBin) ... ok (134ms)
pg: filter aggregate + dateTrunc bucketing ... ok (87ms)
pg: schema objects (functions/triggers/views) ... ok (98ms)
pg: teardown ... ok (36ms)

ok | 40 passed | 0 failed (5s)

